0 info it worked if it ends with ok
1 verbose cli [ 'node', '/home/betus/local/bin/npm', 'install', 'hem@0.3.4' ]
2 info using npm@1.3.15
3 info using node@v0.10.22
4 warn package.json app@0.0.1 No repository field.
5 verbose readDependencies using package.json deps
6 verbose cache add [ 'hem@0.3.4', null ]
7 verbose cache add name=undefined spec="hem@0.3.4" args=["hem@0.3.4",null]
8 verbose parsed url { protocol: null,
8 verbose parsed url   slashes: null,
8 verbose parsed url   auth: null,
8 verbose parsed url   host: null,
8 verbose parsed url   port: null,
8 verbose parsed url   hostname: null,
8 verbose parsed url   hash: null,
8 verbose parsed url   search: null,
8 verbose parsed url   query: null,
8 verbose parsed url   pathname: 'hem@0.3.4',
8 verbose parsed url   path: 'hem@0.3.4',
8 verbose parsed url   href: 'hem@0.3.4' }
9 verbose cache add name="hem" spec="0.3.4" args=["hem","0.3.4"]
10 verbose parsed url { protocol: null,
10 verbose parsed url   slashes: null,
10 verbose parsed url   auth: null,
10 verbose parsed url   host: null,
10 verbose parsed url   port: null,
10 verbose parsed url   hostname: null,
10 verbose parsed url   hash: null,
10 verbose parsed url   search: null,
10 verbose parsed url   query: null,
10 verbose parsed url   pathname: '0.3.4',
10 verbose parsed url   path: '0.3.4',
10 verbose parsed url   href: '0.3.4' }
11 verbose addNamed [ 'hem', '0.3.4' ]
12 verbose addNamed [ '0.3.4', '0.3.4' ]
13 silly lockFile 6461828f-hem-0-3-4 hem@0.3.4
14 verbose lock hem@0.3.4 /home/betus/.npm/6461828f-hem-0-3-4.lock
15 verbose url raw hem/0.3.4
16 verbose url resolving [ 'https://registry.npmjs.org/', './hem/0.3.4' ]
17 verbose url resolved https://registry.npmjs.org/hem/0.3.4
18 info trying registry request attempt 1 at 17:12:28
19 http GET https://registry.npmjs.org/hem/0.3.4
20 http 404 https://registry.npmjs.org/hem/0.3.4
21 silly registry.get cb [ 404,
21 silly registry.get   { date: 'Mon, 30 Dec 2013 09:12:29 GMT',
21 silly registry.get     server: 'CouchDB/1.5.0 (Erlang OTP/R15B03)',
21 silly registry.get     etag: '"1D9KGRAUDMJ8E76WMZRR242XJ"',
21 silly registry.get     'content-type': 'application/json',
21 silly registry.get     'cache-control': 'max-age=0',
21 silly registry.get     'content-length': '36',
21 silly registry.get     'accept-ranges': 'bytes',
21 silly registry.get     via: '1.1 varnish',
21 silly registry.get     age: '0',
21 silly registry.get     'x-served-by': 'cache-hk93-HKG',
21 silly registry.get     'x-cache': 'MISS',
21 silly registry.get     'x-cache-hits': '0',
21 silly registry.get     'x-timer': 'S1388394749.249528646,VS0,VE235',
21 silly registry.get     vary: 'Accept',
21 silly registry.get     'keep-alive': 'timeout=10, max=50',
21 silly registry.get     connection: 'Keep-Alive' } ]
22 silly lockFile 6461828f-hem-0-3-4 hem@0.3.4
23 silly lockFile 6461828f-hem-0-3-4 hem@0.3.4
24 error Error: version not found: 0.3.4 : hem/0.3.4
24 error     at RegClient.<anonymous> (/home/betus/local/lib/node_modules/npm/node_modules/npm-registry-client/lib/request.js:272:14)
24 error     at Request.self.callback (/home/betus/local/lib/node_modules/npm/node_modules/request/request.js:129:22)
24 error     at Request.EventEmitter.emit (events.js:98:17)
24 error     at Request.<anonymous> (/home/betus/local/lib/node_modules/npm/node_modules/request/request.js:873:14)
24 error     at Request.EventEmitter.emit (events.js:117:20)
24 error     at IncomingMessage.<anonymous> (/home/betus/local/lib/node_modules/npm/node_modules/request/request.js:824:12)
24 error     at IncomingMessage.EventEmitter.emit (events.js:117:20)
24 error     at _stream_readable.js:920:16
24 error     at process._tickCallback (node.js:415:13)
25 error If you need help, you may report this log at:
25 error     <http://github.com/isaacs/npm/issues>
25 error or email it to:
25 error     <npm-@googlegroups.com>
26 error System Linux 3.5.0-23-generic
27 error command "node" "/home/betus/local/bin/npm" "install" "hem@0.3.4"
28 error cwd /home/betus/workspace/bi-report/frontend
29 error node -v v0.10.22
30 error npm -v 1.3.15
31 verbose exit [ 1, true ]
